1 2
2 1
1 3
3 1
1 4
2 3
4 1
1 5
3 3
5 1
2 5
4 3
6 1
3 5
5 3
7 1
3 6
4 5
6 3
8 1
3 7
5 5
7 3
9 1
2 7
4 7
6 5
8 3
10 1
1 7
5 7
7 5
9 3
11 1
6 7
8 5
10 3
12 1
7 7
9 5
11 3
12 2
8 7
10 5
12 3
9 7
11 5
12 4
10 7
12 5
11 7
12 6
12 7
12 8
12 9
11 9
12 10
13 9
11 10
12 11
14 9
11 11
12 12
14 10
15 9
14 8
12 13
14 11
16 9
14 7
11 13
12 14
14 12
16 10
17 9
16 8
14 6
10 13
12 15
14 13
16 11
17 10
16 7
14 5
9 13
11 15
12 16
14 14
16 12
17 11
17 7
16 6
14 4
8 13
9 14
9 12
11 16
12 17
14 15
16 13
18 7
16 5
14 3
7 13
9 15
9 11
11 17
12 18
14 16
16 14
17 13
19 7
17 5
16 4
14 2
7 14
7 12
9 16
9 10
12 19
13 18
14 17
16 15
18 13
20 7
18 5
16 3
14 1
7 15
7 11
9 17
9 9
11 19
12 20
14 18
16 16
17 15
19 13
21 7
19 5
17 3
16 2
14 0
7 16
7 10
8 17
8 9
10 19
11 20
12 21
14 19
15 18
16 17
17 16
19 14
20 13
19 12
22 7
20 5
18 3
16 1
7 17
7 9
9 19
11 21
12 22
14 20
16 18
17 17
19 15
21 13
19 11
23 7
21 5
19 3
17 1
8 19
9 20
11 22
12 23
14 21
16 19
19 16
21 14
21 12
19 10
24 7
22 5
20 3
18 1
7 19
9 21
11 23
12 24
14 22
16 20
17 19
19 17
21 15
21 11
19 9
25 7
23 5
21 3
19 1
6 19
7 20
9 22
10 23
11 24
13 24
14 23
16 21
17 20
18 19
20 17
21 16
21 10
20 9
26 7
25 6
24 5
22 3
20 1
5 19
7 21
9 23
11 25
14 24
16 22
17 21
19 19
21 17
21 9
27 7
25 5
23 3
21 1
5 20
5 18
7 22
8 23
9 24
11 26
14 25
15 24
16 23
17 22
19 20
20 19
26 5
24 3
22 1
4 20
5 21
4 18
5 17
7 23
9 25
11 27
14 26
16 24
17 23
19 21
21 19
27 5
25 3
23 1
3 20
5 22
3 18
5 16
7 24
9 26
11 28
12 27
13 26
14 27
15 26
17 24
18 23
19 22
21 20
22 19
27 4
26 3
24 1
3 21
5 23
2 18
5 15
7 25
9 27
10 28
11 29
12 28
13 27
14 28
15 27
17 25
19 23
21 21
23 19
27 3
25 1
3 22
5 24
1 18
5 14
7 26
9 28
10 29
40
